<?xml version="1.0" encoding="UTF-8"?>
<!-- Generated by org.testng.reporters.JUnitXMLReporter -->
<testsuite ignored="10" hostname="ISW-221119-1086" failures="6" tests="27" name="UAT Test" time="289.782" errors="0" timestamp="2024-01-10T08:06:39 WAT">
  <testcase classname="stepDefinitions.Android.DisposableDomain_sd" name="@BeforeClass navigate_to_signUp_page" time="0.0">
    <failure type="java.lang.NullPointerException" message="Cannot invoke &amp;quot;io.appium.java_client.android.AndroidDriver.manage()&amp;quot; because &amp;quot;this.driver&amp;quot; is null">
      <![CDATA[java.lang.NullPointerException: Cannot invoke "io.appium.java_client.android.AndroidDriver.manage()" because "this.driver" is null
at stepDefinitions.Android.DisposableDomain_sd.navigate_to_signUp_page(DisposableDomain_sd.java:23)
at java.base/java.util.ArrayList.forEach(ArrayList.java:1596)
... Removed 23 stack frames]]>
    </failure>
  </testcase> <!-- @BeforeClass navigate_to_signUp_page -->
  <testcase classname="testcases.Android.Login" name="Testcase_One" time="12.464"/>
  <testcase classname="testcases.Android.Login" name="Testcase_Two" time="10.836"/>
  <testcase classname="testcases.Android.Login" name="Testcase_Three" time="15.041">
    <failure type="org.openqa.selenium.StaleElementReferenceException" message="androidx.test.uiautomator.StaleObjectException
For documentation on this error, please visit: https://www.selenium.dev/documentation/webdriver/troubleshooting/errors#stale-element-reference-exception
Build info: version: &amp;apos;4.16.1&amp;apos;, revision: &amp;apos;9b4c83354e&amp;apos;
System info: os.name: &amp;apos;Windows 10&amp;apos;, os.arch: &amp;apos;amd64&amp;apos;, os.version: &amp;apos;10.0&amp;apos;, java.version: &amp;apos;21&amp;apos;
Driver info: io.appium.java_client.android.AndroidDriver
Command: [a3ed7f33-4d3b-4e10-b468-4ccd59ccc4c5, isElementDisplayed {id=00000000-0000-004f-ffff-ffff00000116}]
Capabilities {appium:app: C:\Users\daniel.ogagavworia..., appium:appPackage: com.quickteller.app, appium:automationName: UIAutomator2, appium:chromedriverExecutable: C:\Users\daniel.ogagavworia..., appium:chromedriver_autodownload: true, appium:databaseEnabled: false, appium:desired: {app: C:\Users\daniel.ogagavworia..., automationName: UIAutomator2, chromedriverExecutable: C:\Users\daniel.ogagavworia..., chromedriver_autodownload: true, deviceName: Daniels, platformName: ANDROID, uiautomator2ServerLaunchTimeout: 1200000}, appium:deviceApiLevel: 33, appium:deviceManufacturer: Google, appium:deviceModel: sdk_gphone_x86_64, appium:deviceName: emulator-5554, appium:deviceScreenDensity: 440, appium:deviceScreenSize: 1080x2340, appium:deviceUDID: emulator-5554, appium:javascriptEnabled: true, appium:locationContextEnabled: false, appium:networkConnectionEnabled: true, appium:pixelRatio: 2.75, appium:platformVersion: 13, appium:statBarHeight: 145, appium:takesScreenshot: true, appium:uiautomator2ServerLaunchTimeout: 1200000, appium:viewportRect: {height: 1993, left: 0, top: 145, width: 1080}, appium:warnings: {}, appium:webStorageEnabled: false, platformName: ANDROID}
Element: [[AndroidDriver:  on ANDROID (a3ed7f33-4d3b-4e10-b468-4ccd59ccc4c5)] -&amp;gt; xpath: //android.view.ViewGroup[1]/android.widget.FrameLayout/android.view.ViewGroup/android.view.ViewGroup/android.widget.TextView[1][@index=11]]
Session ID: a3ed7f33-4d3b-4e10-b468-4ccd59ccc4c5">
      <![CDATA[org.openqa.selenium.StaleElementReferenceException: androidx.test.uiautomator.StaleObjectException
For documentation on this error, please visit: https://www.selenium.dev/documentation/webdriver/troubleshooting/errors#stale-element-reference-exception
Build info: version: '4.16.1', revision: '9b4c83354e'
System info: os.name: 'Windows 10', os.arch: 'amd64', os.version: '10.0', java.version: '21'
Driver info: io.appium.java_client.android.AndroidDriver
Command: [a3ed7f33-4d3b-4e10-b468-4ccd59ccc4c5, isElementDisplayed {id=00000000-0000-004f-ffff-ffff00000116}]
Capabilities {appium:app: C:\Users\daniel.ogagavworia..., appium:appPackage: com.quickteller.app, appium:automationName: UIAutomator2, appium:chromedriverExecutable: C:\Users\daniel.ogagavworia..., appium:chromedriver_autodownload: true, appium:databaseEnabled: false, appium:desired: {app: C:\Users\daniel.ogagavworia..., automationName: UIAutomator2, chromedriverExecutable: C:\Users\daniel.ogagavworia..., chromedriver_autodownload: true, deviceName: Daniels, platformName: ANDROID, uiautomator2ServerLaunchTimeout: 1200000}, appium:deviceApiLevel: 33, appium:deviceManufacturer: Google, appium:deviceModel: sdk_gphone_x86_64, appium:deviceName: emulator-5554, appium:deviceScreenDensity: 440, appium:deviceScreenSize: 1080x2340, appium:deviceUDID: emulator-5554, appium:javascriptEnabled: true, appium:locationContextEnabled: false, appium:networkConnectionEnabled: true, appium:pixelRatio: 2.75, appium:platformVersion: 13, appium:statBarHeight: 145, appium:takesScreenshot: true, appium:uiautomator2ServerLaunchTimeout: 1200000, appium:viewportRect: {height: 1993, left: 0, top: 145, width: 1080}, appium:warnings: {}, appium:webStorageEnabled: false, platformName: ANDROID}
Element: [[AndroidDriver:  on ANDROID (a3ed7f33-4d3b-4e10-b468-4ccd59ccc4c5)] -> xpath: //android.view.ViewGroup[1]/android.widget.FrameLayout/android.view.ViewGroup/android.view.ViewGroup/android.widget.TextView[1][@index=11]]
Session ID: a3ed7f33-4d3b-4e10-b468-4ccd59ccc4c5
at org.openqa.selenium.remote.codec.w3c.W3CHttpResponseCodec.createException(W3CHttpResponseCodec.java:200)
at org.openqa.selenium.remote.codec.w3c.W3CHttpResponseCodec.decode(W3CHttpResponseCodec.java:133)
at org.openqa.selenium.remote.codec.w3c.W3CHttpResponseCodec.decode(W3CHttpResponseCodec.java:52)
at org.openqa.selenium.remote.HttpCommandExecutor.execute(HttpCommandExecutor.java:191)
at io.appium.java_client.remote.AppiumCommandExecutor.execute(AppiumCommandExecutor.java:238)
at org.openqa.selenium.remote.RemoteWebDriver.execute(RemoteWebDriver.java:523)
at org.openqa.selenium.remote.RemoteWebElement.execute(RemoteWebElement.java:224)
at org.openqa.selenium.remote.RemoteWebElement.isDisplayed(RemoteWebElement.java:283)
at utilities.Utils.check_element_visibility(Utils.java:115)
at PageObject.Login_pom.assert_user_is_logged_in_successfully(Login_pom.java:104)
at testcases.Android.Login.Testcase_Three(Login.java:26)
at java.base/java.util.ArrayList.forEach(ArrayList.java:1596)
... Removed 28 stack frames]]>
    </failure>
  </testcase> <!-- Testcase_Three -->
  <testcase classname="testcases.Android.Login" name="Testcase_Four" time="164.764">
    <failure type="org.openqa.selenium.TimeoutException" message="Expected condition failed: waiting for presence of element located by: By.xpath: //android.widget.TextView[@text=&amp;apos;Sign in&amp;apos;] (tried for 150 second(s) with 500 milliseconds interval)">
      <![CDATA[org.openqa.selenium.TimeoutException: Expected condition failed: waiting for presence of element located by: By.xpath: //android.widget.TextView[@text='Sign in'] (tried for 150 second(s) with 500 milliseconds interval)
at org.openqa.selenium.support.ui.WebDriverWait.timeoutException(WebDriverWait.java:84)
at org.openqa.selenium.support.ui.FluentWait.until(FluentWait.java:229)
at utilities.Utils.wait_until_element_shows(Utils.java:100)
at PageObject.Login_pom.click_On_SignIN_Button(Login_pom.java:44)
at stepDefinitions.Android.Login_sd.navigate_to_login_page(Login_sd.java:18)
at testcases.Android.Login.Testcase_Four(Login.java:32)
at java.base/java.util.ArrayList.forEach(ArrayList.java:1596)
Caused by: org.openqa.selenium.NoSuchElementException: An element could not be located on the page using the given search parameters.
For documentation on this error, please visit: https://www.selenium.dev/documentation/webdriver/troubleshooting/errors#no-such-element-exception
Build info: version: '4.16.1', revision: '9b4c83354e'
System info: os.name: 'Windows 10', os.arch: 'amd64', os.version: '10.0', java.version: '21'
Driver info: io.appium.java_client.android.AndroidDriver
Command: [a3ed7f33-4d3b-4e10-b468-4ccd59ccc4c5, findElement {using=xpath, value=//android.widget.TextView[@text='Sign in']}]
Capabilities {appium:app: C:\Users\daniel.ogagavworia..., appium:appPackage: com.quickteller.app, appium:automationName: UIAutomator2, appium:chromedriverExecutable: C:\Users\daniel.ogagavworia..., appium:chromedriver_autodownload: true, appium:databaseEnabled: false, appium:desired: {app: C:\Users\daniel.ogagavworia..., automationName: UIAutomator2, chromedriverExecutable: C:\Users\daniel.ogagavworia..., chromedriver_autodownload: true, deviceName: Daniels, platformName: ANDROID, uiautomator2ServerLaunchTimeout: 1200000}, appium:deviceApiLevel: 33, appium:deviceManufacturer: Google, appium:deviceModel: sdk_gphone_x86_64, appium:deviceName: emulator-5554, appium:deviceScreenDensity: 440, appium:deviceScreenSize: 1080x2340, appium:deviceUDID: emulator-5554, appium:javascriptEnabled: true, appium:locationContextEnabled: false, appium:networkConnectionEnabled: true, appium:pixelRatio: 2.75, appium:platformVersion: 13, appium:statBarHeight: 145, appium:takesScreenshot: true, appium:uiautomator2ServerLaunchTimeout: 1200000, appium:viewportRect: {height: 1993, left: 0, top: 145, width: 1080}, appium:warnings: {}, appium:webStorageEnabled: false, platformName: ANDROID}
Session ID: a3ed7f33-4d3b-4e10-b468-4ccd59ccc4c5
at org.openqa.selenium.remote.codec.w3c.W3CHttpResponseCodec.createException(W3CHttpResponseCodec.java:200)
at org.openqa.selenium.remote.codec.w3c.W3CHttpResponseCodec.decode(W3CHttpResponseCodec.java:133)
at org.openqa.selenium.remote.codec.w3c.W3CHttpResponseCodec.decode(W3CHttpResponseCodec.java:52)
at org.openqa.selenium.remote.HttpCommandExecutor.execute(HttpCommandExecutor.java:191)
at io.appium.java_client.remote.AppiumCommandExecutor.execute(AppiumCommandExecutor.java:238)
at org.openqa.selenium.remote.RemoteWebDriver.execute(RemoteWebDriver.java:523)
at org.openqa.selenium.remote.ElementLocation$ElementFinder$2.findElement(ElementLocation.java:165)
at org.openqa.selenium.remote.ElementLocation.findElement(ElementLocation.java:59)
at org.openqa.selenium.remote.RemoteWebDriver.findElement(RemoteWebDriver.java:360)
at org.openqa.selenium.remote.RemoteWebDriver.findElement(RemoteWebDriver.java:354)
at org.openqa.selenium.support.ui.ExpectedConditions$6.apply(ExpectedConditions.java:171)
at org.openqa.selenium.support.ui.ExpectedConditions$6.apply(ExpectedConditions.java:168)
at org.openqa.selenium.support.ui.FluentWait.until(FluentWait.java:204)
... 30 more
... Removed 28 stack frames]]>
    </failure>
  </testcase> <!-- Testcase_Four -->
  <testcase classname="testcases.Android.Login" name="Testcase_Five" time="20.066">
    <failure type="org.openqa.selenium.NoSuchElementException" message="An element could not be located on the page using the given search parameters.
For documentation on this error, please visit: https://www.selenium.dev/documentation/webdriver/troubleshooting/errors#no-such-element-exception
Build info: version: &amp;apos;4.16.1&amp;apos;, revision: &amp;apos;9b4c83354e&amp;apos;
System info: os.name: &amp;apos;Windows 10&amp;apos;, os.arch: &amp;apos;amd64&amp;apos;, os.version: &amp;apos;10.0&amp;apos;, java.version: &amp;apos;21&amp;apos;
Driver info: io.appium.java_client.android.AndroidDriver
Command: [a3ed7f33-4d3b-4e10-b468-4ccd59ccc4c5, findElement {using=xpath, value=//android.view.ViewGroup[2]/android.widget.EditText[@index=0]}]
Capabilities {appium:app: C:\Users\daniel.ogagavworia..., appium:appPackage: com.quickteller.app, appium:automationName: UIAutomator2, appium:chromedriverExecutable: C:\Users\daniel.ogagavworia..., appium:chromedriver_autodownload: true, appium:databaseEnabled: false, appium:desired: {app: C:\Users\daniel.ogagavworia..., automationName: UIAutomator2, chromedriverExecutable: C:\Users\daniel.ogagavworia..., chromedriver_autodownload: true, deviceName: Daniels, platformName: ANDROID, uiautomator2ServerLaunchTimeout: 1200000}, appium:deviceApiLevel: 33, appium:deviceManufacturer: Google, appium:deviceModel: sdk_gphone_x86_64, appium:deviceName: emulator-5554, appium:deviceScreenDensity: 440, appium:deviceScreenSize: 1080x2340, appium:deviceUDID: emulator-5554, appium:javascriptEnabled: true, appium:locationContextEnabled: false, appium:networkConnectionEnabled: true, appium:pixelRatio: 2.75, appium:platformVersion: 13, appium:statBarHeight: 145, appium:takesScreenshot: true, appium:uiautomator2ServerLaunchTimeout: 1200000, appium:viewportRect: {height: 1993, left: 0, top: 145, width: 1080}, appium:warnings: {}, appium:webStorageEnabled: false, platformName: ANDROID}
Session ID: a3ed7f33-4d3b-4e10-b468-4ccd59ccc4c5">
      <![CDATA[org.openqa.selenium.NoSuchElementException: An element could not be located on the page using the given search parameters.
For documentation on this error, please visit: https://www.selenium.dev/documentation/webdriver/troubleshooting/errors#no-such-element-exception
Build info: version: '4.16.1', revision: '9b4c83354e'
System info: os.name: 'Windows 10', os.arch: 'amd64', os.version: '10.0', java.version: '21'
Driver info: io.appium.java_client.android.AndroidDriver
Command: [a3ed7f33-4d3b-4e10-b468-4ccd59ccc4c5, findElement {using=xpath, value=//android.view.ViewGroup[2]/android.widget.EditText[@index=0]}]
Capabilities {appium:app: C:\Users\daniel.ogagavworia..., appium:appPackage: com.quickteller.app, appium:automationName: UIAutomator2, appium:chromedriverExecutable: C:\Users\daniel.ogagavworia..., appium:chromedriver_autodownload: true, appium:databaseEnabled: false, appium:desired: {app: C:\Users\daniel.ogagavworia..., automationName: UIAutomator2, chromedriverExecutable: C:\Users\daniel.ogagavworia..., chromedriver_autodownload: true, deviceName: Daniels, platformName: ANDROID, uiautomator2ServerLaunchTimeout: 1200000}, appium:deviceApiLevel: 33, appium:deviceManufacturer: Google, appium:deviceModel: sdk_gphone_x86_64, appium:deviceName: emulator-5554, appium:deviceScreenDensity: 440, appium:deviceScreenSize: 1080x2340, appium:deviceUDID: emulator-5554, appium:javascriptEnabled: true, appium:locationContextEnabled: false, appium:networkConnectionEnabled: true, appium:pixelRatio: 2.75, appium:platformVersion: 13, appium:statBarHeight: 145, appium:takesScreenshot: true, appium:uiautomator2ServerLaunchTimeout: 1200000, appium:viewportRect: {height: 1993, left: 0, top: 145, width: 1080}, appium:warnings: {}, appium:webStorageEnabled: false, platformName: ANDROID}
Session ID: a3ed7f33-4d3b-4e10-b468-4ccd59ccc4c5
at org.openqa.selenium.remote.codec.w3c.W3CHttpResponseCodec.createException(W3CHttpResponseCodec.java:200)
at org.openqa.selenium.remote.codec.w3c.W3CHttpResponseCodec.decode(W3CHttpResponseCodec.java:133)
at org.openqa.selenium.remote.codec.w3c.W3CHttpResponseCodec.decode(W3CHttpResponseCodec.java:52)
at org.openqa.selenium.remote.HttpCommandExecutor.execute(HttpCommandExecutor.java:191)
at io.appium.java_client.remote.AppiumCommandExecutor.execute(AppiumCommandExecutor.java:238)
at org.openqa.selenium.remote.RemoteWebDriver.execute(RemoteWebDriver.java:523)
at org.openqa.selenium.remote.ElementLocation$ElementFinder$2.findElement(ElementLocation.java:165)
at org.openqa.selenium.remote.ElementLocation.findElement(ElementLocation.java:59)
at org.openqa.selenium.remote.RemoteWebDriver.findElement(RemoteWebDriver.java:360)
at org.openqa.selenium.remote.RemoteWebDriver.findElement(RemoteWebDriver.java:354)
at PageObject.Login_pom.clear_emailField(Login_pom.java:117)
at stepDefinitions.Android.Login_sd.enter_phoneNumber_details_and_login(Login_sd.java:42)
at testcases.Android.Login.Testcase_Five(Login.java:40)
at java.base/java.util.ArrayList.forEach(ArrayList.java:1596)
... Removed 28 stack frames]]>
    </failure>
  </testcase> <!-- Testcase_Five -->
  <testcase classname="testcases.Android.Login" name="Testcase_Six" time="20.067">
    <failure type="org.openqa.selenium.NoSuchElementException" message="An element could not be located on the page using the given search parameters.
For documentation on this error, please visit: https://www.selenium.dev/documentation/webdriver/troubleshooting/errors#no-such-element-exception
Build info: version: &amp;apos;4.16.1&amp;apos;, revision: &amp;apos;9b4c83354e&amp;apos;
System info: os.name: &amp;apos;Windows 10&amp;apos;, os.arch: &amp;apos;amd64&amp;apos;, os.version: &amp;apos;10.0&amp;apos;, java.version: &amp;apos;21&amp;apos;
Driver info: io.appium.java_client.android.AndroidDriver
Command: [a3ed7f33-4d3b-4e10-b468-4ccd59ccc4c5, findElement {using=xpath, value=//android.view.ViewGroup[2]/android.widget.EditText[@index=0]}]
Capabilities {appium:app: C:\Users\daniel.ogagavworia..., appium:appPackage: com.quickteller.app, appium:automationName: UIAutomator2, appium:chromedriverExecutable: C:\Users\daniel.ogagavworia..., appium:chromedriver_autodownload: true, appium:databaseEnabled: false, appium:desired: {app: C:\Users\daniel.ogagavworia..., automationName: UIAutomator2, chromedriverExecutable: C:\Users\daniel.ogagavworia..., chromedriver_autodownload: true, deviceName: Daniels, platformName: ANDROID, uiautomator2ServerLaunchTimeout: 1200000}, appium:deviceApiLevel: 33, appium:deviceManufacturer: Google, appium:deviceModel: sdk_gphone_x86_64, appium:deviceName: emulator-5554, appium:deviceScreenDensity: 440, appium:deviceScreenSize: 1080x2340, appium:deviceUDID: emulator-5554, appium:javascriptEnabled: true, appium:locationContextEnabled: false, appium:networkConnectionEnabled: true, appium:pixelRatio: 2.75, appium:platformVersion: 13, appium:statBarHeight: 145, appium:takesScreenshot: true, appium:uiautomator2ServerLaunchTimeout: 1200000, appium:viewportRect: {height: 1993, left: 0, top: 145, width: 1080}, appium:warnings: {}, appium:webStorageEnabled: false, platformName: ANDROID}
Session ID: a3ed7f33-4d3b-4e10-b468-4ccd59ccc4c5">
      <![CDATA[org.openqa.selenium.NoSuchElementException: An element could not be located on the page using the given search parameters.
For documentation on this error, please visit: https://www.selenium.dev/documentation/webdriver/troubleshooting/errors#no-such-element-exception
Build info: version: '4.16.1', revision: '9b4c83354e'
System info: os.name: 'Windows 10', os.arch: 'amd64', os.version: '10.0', java.version: '21'
Driver info: io.appium.java_client.android.AndroidDriver
Command: [a3ed7f33-4d3b-4e10-b468-4ccd59ccc4c5, findElement {using=xpath, value=//android.view.ViewGroup[2]/android.widget.EditText[@index=0]}]
Capabilities {appium:app: C:\Users\daniel.ogagavworia..., appium:appPackage: com.quickteller.app, appium:automationName: UIAutomator2, appium:chromedriverExecutable: C:\Users\daniel.ogagavworia..., appium:chromedriver_autodownload: true, appium:databaseEnabled: false, appium:desired: {app: C:\Users\daniel.ogagavworia..., automationName: UIAutomator2, chromedriverExecutable: C:\Users\daniel.ogagavworia..., chromedriver_autodownload: true, deviceName: Daniels, platformName: ANDROID, uiautomator2ServerLaunchTimeout: 1200000}, appium:deviceApiLevel: 33, appium:deviceManufacturer: Google, appium:deviceModel: sdk_gphone_x86_64, appium:deviceName: emulator-5554, appium:deviceScreenDensity: 440, appium:deviceScreenSize: 1080x2340, appium:deviceUDID: emulator-5554, appium:javascriptEnabled: true, appium:locationContextEnabled: false, appium:networkConnectionEnabled: true, appium:pixelRatio: 2.75, appium:platformVersion: 13, appium:statBarHeight: 145, appium:takesScreenshot: true, appium:uiautomator2ServerLaunchTimeout: 1200000, appium:viewportRect: {height: 1993, left: 0, top: 145, width: 1080}, appium:warnings: {}, appium:webStorageEnabled: false, platformName: ANDROID}
Session ID: a3ed7f33-4d3b-4e10-b468-4ccd59ccc4c5
at org.openqa.selenium.remote.codec.w3c.W3CHttpResponseCodec.createException(W3CHttpResponseCodec.java:200)
at org.openqa.selenium.remote.codec.w3c.W3CHttpResponseCodec.decode(W3CHttpResponseCodec.java:133)
at org.openqa.selenium.remote.codec.w3c.W3CHttpResponseCodec.decode(W3CHttpResponseCodec.java:52)
at org.openqa.selenium.remote.HttpCommandExecutor.execute(HttpCommandExecutor.java:191)
at io.appium.java_client.remote.AppiumCommandExecutor.execute(AppiumCommandExecutor.java:238)
at org.openqa.selenium.remote.RemoteWebDriver.execute(RemoteWebDriver.java:523)
at org.openqa.selenium.remote.ElementLocation$ElementFinder$2.findElement(ElementLocation.java:165)
at org.openqa.selenium.remote.ElementLocation.findElement(ElementLocation.java:59)
at org.openqa.selenium.remote.RemoteWebDriver.findElement(RemoteWebDriver.java:360)
at org.openqa.selenium.remote.RemoteWebDriver.findElement(RemoteWebDriver.java:354)
at PageObject.Login_pom.clear_emailField(Login_pom.java:117)
at stepDefinitions.Android.Login_sd.enter_phoneNumber_details_and_login(Login_sd.java:42)
at testcases.Android.Login.Testcase_Six(Login.java:46)
at java.base/java.util.ArrayList.forEach(ArrayList.java:1596)
... Removed 28 stack frames]]>
    </failure>
  </testcase> <!-- Testcase_Six -->
  <testcase classname="testcases.Android.DisposableDomain" name="Testcase_One" time="0.0">
    <skipped/>
  </testcase> <!-- Testcase_One -->
  <testcase classname="testcases.Android.DisposableDomain" name="Testcase_One" time="0.0">
    <skipped/>
  </testcase> <!-- Testcase_One -->
  <testcase classname="testcases.Android.DisposableDomain" name="Testcase_One" time="0.0">
    <skipped/>
  </testcase> <!-- Testcase_One -->
  <testcase classname="testcases.Android.DisposableDomain" name="Testcase_One" time="0.0">
    <skipped/>
  </testcase> <!-- Testcase_One -->
  <testcase classname="testcases.Android.DisposableDomain" name="Testcase_One" time="0.0">
    <skipped/>
  </testcase> <!-- Testcase_One -->
  <testcase classname="testcases.Android.DisposableDomain" name="Testcase_One" time="0.0">
    <skipped/>
  </testcase> <!-- Testcase_One -->
  <testcase classname="testcases.Android.DisposableDomain" name="Testcase_One" time="0.0">
    <skipped/>
  </testcase> <!-- Testcase_One -->
  <testcase classname="testcases.Android.DisposableDomain" name="Testcase_One" time="0.0">
    <skipped/>
  </testcase> <!-- Testcase_One -->
  <testcase classname="testcases.Android.DisposableDomain" name="Testcase_One" time="0.0">
    <skipped/>
  </testcase> <!-- Testcase_One -->
  <testcase classname="testcases.Android.DisposableDomain" name="Testcase_One" time="0.0">
    <skipped/>
  </testcase> <!-- Testcase_One -->
  <testcase classname="testcases.Android.DisposableDomain" name="Testcase_One" time="0.0">
    <skipped/>
  </testcase> <!-- Testcase_One -->
  <testcase classname="testcases.Android.DisposableDomain" name="Testcase_One" time="0.0">
    <skipped/>
  </testcase> <!-- Testcase_One -->
  <testcase classname="testcases.Android.DisposableDomain" name="Testcase_One" time="0.0">
    <skipped/>
  </testcase> <!-- Testcase_One -->
  <testcase classname="testcases.Android.DisposableDomain" name="Testcase_One" time="0.0">
    <skipped/>
  </testcase> <!-- Testcase_One -->
  <testcase classname="testcases.Android.DisposableDomain" name="Testcase_One" time="0.0">
    <skipped/>
  </testcase> <!-- Testcase_One -->
  <testcase classname="testcases.Android.DisposableDomain" name="Testcase_One" time="0.0">
    <skipped/>
  </testcase> <!-- Testcase_One -->
  <testcase classname="testcases.Android.DisposableDomain" name="Testcase_One" time="0.0">
    <skipped/>
  </testcase> <!-- Testcase_One -->
  <testcase classname="testcases.Android.DisposableDomain" name="Testcase_One" time="0.0">
    <skipped/>
  </testcase> <!-- Testcase_One -->
  <testcase classname="testcases.Android.DisposableDomain" name="Testcase_One" time="0.0">
    <skipped/>
  </testcase> <!-- Testcase_One -->
  <testcase classname="testcases.Android.Airtime_Data" name="Testcase_One" time="0.001">
    <failure type="java.lang.NullPointerException" message="Cannot invoke &amp;quot;io.appium.java_client.android.AndroidDriver.manage()&amp;quot; because &amp;quot;this.driver&amp;quot; is null">
      <![CDATA[java.lang.NullPointerException: Cannot invoke "io.appium.java_client.android.AndroidDriver.manage()" because "this.driver" is null
at testcases.Android.Airtime_Data.Testcase_One(Airtime_Data.java:14)
at java.base/java.util.ArrayList.forEach(ArrayList.java:1596)
... Removed 25 stack frames]]>
    </failure>
  </testcase> <!-- Testcase_One -->
  <testcase classname="testcases.Android.Airtime_Data" name="Testcase_Five" time="0.001">
    <failure type="java.lang.NullPointerException" message="Cannot invoke &amp;quot;io.appium.java_client.android.AndroidDriver.manage()&amp;quot; because &amp;quot;this.driver&amp;quot; is null">
      <![CDATA[java.lang.NullPointerException: Cannot invoke "io.appium.java_client.android.AndroidDriver.manage()" because "this.driver" is null
at testcases.Android.Airtime_Data.Testcase_Five(Airtime_Data.java:60)
at java.base/java.util.ArrayList.forEach(ArrayList.java:1596)
... Removed 25 stack frames]]>
    </failure>
  </testcase> <!-- Testcase_Five -->
  <testcase classname="bases.Android.LoginBase" name="@BeforeTest Launch_App" time="0.0">
    <ignored/>
  </testcase> <!-- @BeforeTest Launch_App -->
  <testcase classname="bases.Android.LoginBase" name="@BeforeTest Launch_App" time="0.0">
    <ignored/>
  </testcase> <!-- @BeforeTest Launch_App -->
  <testcase classname="testcases.Android.Airtime_Data" name="Testcase_Six" time="0.0">
    <ignored/>
  </testcase> <!-- Testcase_Six -->
  <testcase classname="bases.Android.LoginBase" name="@AfterTest Close_App" time="0.0">
    <ignored/>
  </testcase> <!-- @AfterTest Close_App -->
  <testcase classname="bases.Android.LoginBase" name="@AfterTest Close_App" time="0.0">
    <ignored/>
  </testcase> <!-- @AfterTest Close_App -->
  <testcase classname="testcases.Android.Airtime_Data" name="Testcase_Seven" time="0.0">
    <ignored/>
  </testcase> <!-- Testcase_Seven -->
  <testcase classname="testcases.Android.Airtime_Data" name="Testcase_Eight" time="0.0">
    <ignored/>
  </testcase> <!-- Testcase_Eight -->
  <testcase classname="testcases.Android.Airtime_Data" name="Testcase_Three" time="0.0">
    <ignored/>
  </testcase> <!-- Testcase_Three -->
  <testcase classname="testcases.Android.Airtime_Data" name="Testcase_Four" time="0.0">
    <ignored/>
  </testcase> <!-- Testcase_Four -->
  <testcase classname="testcases.Android.Airtime_Data" name="Testcase_Two" time="0.0">
    <ignored/>
  </testcase> <!-- Testcase_Two -->
</testsuite> <!-- UAT Test -->
